#VirtualHost_Configuration
<VirtualHost *:80>
    ServerAdmin [DOMAIN_SAMPLE]
    ServerName [DOMAIN_SAMPLE]
    ServerAlias [DOMAIN_SAMPLE]
    DocumentRoot /home/[DOMAIN_SAMPLE]
    ErrorLog ${APACHE_LOG_DIR}/error.log
    CustomLog ${APACHE_LOG_DIR}/access.log combined
    <Directory /home/[DOMAIN_SAMPLE]>
    php_admin_value open_basedir /home/[DOMAIN_SAMPLE]
    </Directory>
    <Directory /home/[DOMAIN_SAMPLE]>
    php_admin_value upload_tmp_dir /home/[DOMAIN_SAMPLE]
    </Directory>
</VirtualHost>

<VirtualHost *:443>
        ServerName [DOMAIN_SAMPLE]
        DocumentRoot /home/[DOMAIN_SAMPLE]
        SSLEngine on
        SSLCertificateFile /etc/apache2/ssl/[DOMAIN_SAMPLE].pem
        SSLCertificateKeyFile /etc/apache2/ssl/[DOMAIN_SAMPLE].key
        <Directory /home/[DOMAIN_SAMPLE]>
        php_admin_value open_basedir /home/[DOMAIN_SAMPLE]
        </Directory>
        <Directory /home/[DOMAIN_SAMPLE]>
        php_admin_value upload_tmp_dir /home/[DOMAIN_SAMPLE]
        </Directory>
</VirtualHost>
